<?xml version="1.0" encoding="UTF-8"?>
<testsuite name="com.github.glo2003.ScheduleTest" tests="5" skipped="0" failures="0" errors="0" timestamp="2018-03-22T21:48:08" hostname="MacBook-Pro-wesh.local" time="0.047">
  <properties/>
  <testcase name="restaurantClosesAtTenByDefault" classname="com.github.glo2003.ScheduleTest" time="0.039"/>
  <testcase name="givenStartOfWeekSchedulesShouldReturnSevenDays" classname="com.github.glo2003.ScheduleTest" time="0.005"/>
  <testcase name="restaurantOpensAtElevenByDefault" classname="com.github.glo2003.ScheduleTest" time="0.001"/>
  <testcase name="schedulesShouldStartAtGivenDate" classname="com.github.glo2003.ScheduleTest" time="0.001"/>
  <testcase name="restaurantIsOpenForTwelvesHoursByDefault" classname="com.github.glo2003.ScheduleTest" time="0.001"/>
  <system-out><![CDATA[]]></system-out>
  <system-err><![CDATA[]]></system-err>
</testsuite>
